#
# There is insufficient memory for the Java Runtime Environment to continue.
# Native memory allocation (mmap) failed to map 67108864 bytes for G1 virtual space
# Possible reasons:
#   The system is out of physical RAM or swap space
#   The process is running with CompressedOops enabled, and the Java Heap may be blocking the growth of the native heap
# Possible solutions:
#   Reduce memory load on the system
#   Increase physical memory or swap space
#   Check if swap backing store is full
#   Decrease Java heap size (-Xmx/-Xms)
#   Decrease number of Java threads
#   Decrease Java thread stack sizes (-Xss)
#   Set larger code cache with -XX:ReservedCodeCacheSize=
#   JVM is running with Unscaled Compressed Oops mode in which the Java heap is
#     placed in the first 4GB address space. The Java Heap base address is the
#     maximum limit for the native heap growth. Please use -XX:HeapBaseMinAddress
#     to set the Java Heap base and to place the Java Heap above 4GB virtual address.
# This output file may be truncated or incomplete.
#
#  Out of Memory Error (os_windows.cpp:3530), pid=9464, tid=9308
#
# JRE version:  (18.0.1.1+2) (build )
# Java VM: Java HotSpot(TM) 64-Bit Server VM (18.0.1.1+2-6, mixed mode, sharing, tiered, compressed oops, compressed class ptrs, g1 gc, windows-amd64)
# No core dump will be written. Minidumps are not enabled by default on client versions of Windows
#

---------------  S U M M A R Y ------------

Command Line: -Xmx64m -Xms64m -Dorg.gradle.appname=gradlew org.gradle.wrapper.GradleWrapperMain app:installDebug -PreactNativeDevServerPort=8081

Host: Intel(R) Core(TM) i7-7500U CPU @ 2.70GHz, 4 cores, 2G,  Windows 10 , 64 bit Build 19041 (10.0.19041.1889)
Time: Tue Aug 23 10:57:31 2022 Pakistan Standard Time elapsed time: 0.072019 seconds (0d 0h 0m 0s)

---------------  T H R E A D  ---------------

Current thread (0x0000028190866930):  JavaThread "Unknown thread" [_thread_in_vm, id=9308, stack(0x0000008337500000,0x0000008337600000)]

Stack: [0x0000008337500000,0x0000008337600000]
Native frames: (J=compiled Java code, j=interpreted, Vv=VM code, C=native code)
V  [jvm.dll+0x69887a]
V  [jvm.dll+0x7f38bd]
V  [jvm.dll+0x7f51ce]
V  [jvm.dll+0x7f5883]
V  [jvm.dll+0x25ca3f]
V  [jvm.dll+0x6957c9]
V  [jvm.dll+0x68a2fa]
V  [jvm.dll+0x321efb]
V  [jvm.dll+0x3298d6]
V  [jvm.dll+0x37e47e]
V  [jvm.dll+0x37e6af]
V  [jvm.dll+0x2f9c7a]
V  [jvm.dll+0x2facdd]
V  [jvm.dll+0x7c24f0]
V  [jvm.dll+0x38b801]
V  [jvm.dll+0x7a1203]
V  [jvm.dll+0x40d6bf]
V  [jvm.dll+0x40f091]
C  [jli.dll+0x526b]
C  [ucrtbase.dll+0x21bb2]
C  [KERNEL32.DLL+0x17034]
C  [ntdll.dll+0x52651]


---------------  P R O C E S S  ---------------

Threads class SMR info:
_java_thread_list=0x00007ffafcfdd550, length=0, elements={
}

Java Threads: ( => current thread )

Other Threads:
  0x00000281908874e0 WorkerThread "GC Thread#0" [stack: 0x0000008337600000,0x0000008337700000] [id=9672]
  0x0000028190888b20 ConcurrentGCThread "G1 Main Marker" [stack: 0x0000008337700000,0x0000008337800000] [id=6660]
  0x000002819088bbe0 WorkerThread "G1 Conc#0" [stack: 0x0000008337800000,0x0000008337900000] [id=4264]

[error occurred during error reporting (printing all threads), id 0xc0000005, EXCEPTION_ACCESS_VIOLATION (0xc0000005) at pc=0x00007ffafc80a217]

VM state: not at safepoint (not fully initialized)

VM Mutex/Monitor currently owned by a thread:  ([mutex/lock_event])
[0x0000028190863ce0] Heap_lock - owner thread: 0x0000028190866930

Heap address: 0x00000000fc000000, size: 64 MB, Compressed Oops mode: 32-bit

CDS archive(s) mapped at: [0x0000000000000000-0x0000000000000000-0x0000000000000000), size 0, SharedBaseAddress: 0x0000000800000000, ArchiveRelocationMode: 0.
Narrow klass base: 0x0000000000000000, Narrow klass shift: 0, Narrow klass range: 0x0

GC Precious Log:
 CardTable entry size: 512
 Card Set container configuration: InlinePtr #cards 5 size 8 Array Of Cards #cards 12 size 40 Howl #buckets 4 coarsen threshold 1843 Howl Bitmap #cards 512 size 80 coarsen threshold 460 Card regions per heap region 1 cards per card region 2048

Heap:
 garbage-first heap   total 0K, used 0K [0x00000000fc000000, 0x0000000100000000)
  region size 1024K, 0 young (0K), 0 survivors (0K)

[error occurred during error reporting (printing heap information), id 0xc0000005, EXCEPTION_ACCESS_VIOLATION (0xc0000005) at pc=0x00007ffafcbf0cb9]

GC Heap History (0 events):
No events

Deoptimization events (0 events):
No events

Classes loaded (0 events):
No events

Classes unloaded (0 events):
No events

Classes redefined (0 events):
No events

Internal exceptions (0 events):
No events

VM Operations (0 events):
No events

Events (1 events):
Event: 0.032 Loaded shared library C:\Program Files\Java\jdk-18.0.1.1\bin\java.dll


Dynamic libraries:
0x00007ff786f10000 - 0x00007ff786f20000 	C:\Program Files\Java\jdk-18.0.1.1\bin\java.exe
0x00007ffb56f50000 - 0x00007ffb57148000 	C:\Windows\SYSTEM32\ntdll.dll
0x00007ffb55b70000 - 0x00007ffb55c2d000 	C:\Windows\System32\KERNEL32.DLL
0x00007ffb548a0000 - 0x00007ffb54b6e000 	C:\Windows\System32\KERNELBASE.dll
0x00007ffb54b70000 - 0x00007ffb54c70000 	C:\Windows\System32\ucrtbase.dll
0x00007ffb4e730000 - 0x00007ffb4e74a000 	C:\Program Files\Java\jdk-18.0.1.1\bin\VCRUNTIME140.dll
0x00007ffb4f1c0000 - 0x00007ffb4f1d8000 	C:\Program Files\Java\jdk-18.0.1.1\bin\jli.dll
0x00007ffb56460000 - 0x00007ffb5650e000 	C:\Windows\System32\ADVAPI32.dll
0x00007ffb55730000 - 0x00007ffb557ce000 	C:\Windows\System32\msvcrt.dll
0x00007ffb55040000 - 0x00007ffb550dc000 	C:\Windows\System32\sechost.dll
0x00007ffb555a0000 - 0x00007ffb556c5000 	C:\Windows\System32\RPCRT4.dll
0x00007ffb558b0000 - 0x00007ffb55a50000 	C:\Windows\System32\USER32.dll
0x00007ffb54dd0000 - 0x00007ffb54df2000 	C:\Windows\System32\win32u.dll
0x00007ffb47dc0000 - 0x00007ffb4805a000 	C:\Windows\WinSxS\amd64_microsoft.windows.common-controls_6595b64144ccf1df_6.0.19041.1110_none_60b5254171f9507e\COMCTL32.dll
0x00007ffb55a50000 - 0x00007ffb55a7a000 	C:\Windows\System32\GDI32.dll
0x00007ffb54790000 - 0x00007ffb5489b000 	C:\Windows\System32\gdi32full.dll
0x00007ffb54e80000 - 0x00007ffb54f1d000 	C:\Windows\System32\msvcp_win.dll
0x00007ffb4dfd0000 - 0x00007ffb4dfda000 	C:\Windows\SYSTEM32\VERSION.dll
0x00007ffb550e0000 - 0x00007ffb55110000 	C:\Windows\System32\IMM32.DLL
0x00007ffb4e720000 - 0x00007ffb4e72c000 	C:\Program Files\Java\jdk-18.0.1.1\bin\vcruntime140_1.dll
0x00007ffb1e2d0000 - 0x00007ffb1e35d000 	C:\Program Files\Java\jdk-18.0.1.1\bin\msvcp140.dll
0x00007ffafc500000 - 0x00007ffafd110000 	C:\Program Files\Java\jdk-18.0.1.1\bin\server\jvm.dll
0x00007ffb557d0000 - 0x00007ffb557d8000 	C:\Windows\System32\PSAPI.DLL
0x00007ffb47860000 - 0x00007ffb47869000 	C:\Windows\SYSTEM32\WSOCK32.dll
0x00007ffb44610000 - 0x00007ffb44637000 	C:\Windows\SYSTEM32\WINMM.dll
0x00007ffb55d10000 - 0x00007ffb55d7b000 	C:\Windows\System32\WS2_32.dll
0x00007ffb52f50000 - 0x00007ffb52f62000 	C:\Windows\SYSTEM32\kernel.appcore.dll
0x00007ffb4bb40000 - 0x00007ffb4bb4a000 	C:\Program Files\Java\jdk-18.0.1.1\bin\jimage.dll
0x00007ffb52c00000 - 0x00007ffb52de4000 	C:\Windows\SYSTEM32\DBGHELP.DLL
0x00007ffb430e0000 - 0x00007ffb4310c000 	C:\Windows\SYSTEM32\dbgcore.DLL
0x00007ffb54f20000 - 0x00007ffb54fa2000 	C:\Windows\System32\bcryptPrimitives.dll
0x00007ffb3ab80000 - 0x00007ffb3aba5000 	C:\Program Files\Java\jdk-18.0.1.1\bin\java.dll

dbghelp: loaded successfully - version: 4.0.5 - missing functions: none
symbol engine: initialized successfully - sym options: 0x614 - pdb path: .;C:\Program Files\Java\jdk-18.0.1.1\bin;C:\Windows\SYSTEM32;C:\Windows\WinSxS\amd64_microsoft.windows.common-controls_6595b64144ccf1df_6.0.19041.1110_none_60b5254171f9507e;C:\Program Files\Java\jdk-18.0.1.1\bin\server

VM Arguments:
jvm_args: -Xmx64m -Xms64m -Dorg.gradle.appname=gradlew 
java_command: org.gradle.wrapper.GradleWrapperMain app:installDebug -PreactNativeDevServerPort=8081
java_class_path (initial): C:\Users\ali\Desktop\native2\AIFA\android\\gradle\wrapper\gradle-wrapper.jar
Launcher Type: SUN_STANDARD

[Global flags]
     intx CICompilerCount                          = 3                                         {product} {ergonomic}
     uint ConcGCThreads                            = 1                                         {product} {ergonomic}
     uint G1ConcRefinementThreads                  = 4                                         {product} {ergonomic}
   size_t G1HeapRegionSize                         = 1048576                                   {product} {ergonomic}
    uintx GCDrainStackTargetSize                   = 64                                        {product} {ergonomic}
   size_t InitialHeapSize                          = 67108864                                  {product} {command line}
   size_t MarkStackSize                            = 4194304                                   {product} {ergonomic}
   size_t MaxHeapSize                              = 67108864                                  {product} {command line}
   size_t MinHeapDeltaBytes                        = 1048576                                   {product} {ergonomic}
   size_t MinHeapSize                              = 67108864                                  {product} {command line}
    uintx NonNMethodCodeHeapSize                   = 5832780                                {pd product} {ergonomic}
    uintx NonProfiledCodeHeapSize                  = 122912730                              {pd product} {ergonomic}
    uintx ProfiledCodeHeapSize                     = 122912730                              {pd product} {ergonomic}
    uintx ReservedCodeCacheSize                    = 251658240                              {pd product} {ergonomic}
     bool SegmentedCodeCache                       = true                                      {product} {ergonomic}
   size_t SoftMaxHeapSize                          = 67108864                               {manageable} {ergonomic}
     bool UseCompressedClassPointers               = true                           {product lp64_product} {ergonomic}
     bool UseCompressedOops                        = true                           {product lp64_product} {ergonomic}
     bool UseG1GC                                  = true                                      {product} {ergonomic}
     bool UseLargePagesIndividualAllocation        = false                                  {pd product} {ergonomic}

Logging:
Log output configuration:
 #0: stdout all=warning uptime,level,tags foldmultilines=false
 #1: stderr all=off uptime,level,tags foldmultilines=false

Environment Variables:
JAVA_HOME=C:\Program Files\Java\jdk-18.0.1.1
CLASSPATH=C:\Users\ali\Desktop\native2\AIFA\android\\gradle\wrapper\gradle-wrapper.jar
PATH=C:\Users\ali\Desktop\native2\AIFA\android\node_modules\.bin;C:\Users\ali\Desktop\native2\AIFA\node_modules\.bin;C:\Users\ali\Desktop\native2\node_modules\.bin;C:\Users\ali\Desktop\node_modules\.bin;C:\Users\ali\node_modules\.bin;C:\Users\node_modules\.bin;C:\node_modules\.bin;C:\Program Files\nodejs;C:\Users\ali\Desktop\native2\AIFA\node_modules\.bin;C:\Users\ali\Desktop\native2\node_modules\.bin;C:\Users\ali\Desktop\node_modules\.bin;C:\Users\ali\node_modules\.bin;C:\Users\node_modules\.bin;C:\node_modules\.bin;C:\Users\ali\AppData\Roaming\npm\node_modules\npm\node_modules\@npmcli\run-script\lib\node-gyp-bin;C:\Program Files\Common Files\Oracle\Java\javapath;C:\Windows\system32;C:\Windows;C:\Windows\System32\Wbem;C:\Windows\System32\WindowsPowerShell\v1.0\;C:\Windows\System32\OpenSSH\;C:\ProgramData\chocolatey\bin;C:\Program Files\Git\cmd;"C:\Users\ali\AppData\Local\Android\Sdk\tools;C:\Users\ali\AppData\Local\Android\Sdk\platform-tool\;";C:\Program Files\nodejs\;C:\Program Files\OpenJDK\openjdk-11.0.16_8\bin;C:\Users\ali\AppData\Local\Android\Sdk\platform-tools;C:\Users\ali\AppData\Local\Microsoft\WindowsApps;D:\visual_studio\Microsoft VS Code\bin;C:\Users\ali\.android;C:\Program Files\Java\jdk-18.0.1.1\bin;%ANDROID_HOME%tools;%ANDROID_HOME%platform-tools;C:\Users\ali\AppData\Roaming\npm;C:\Users\ali\AppData\Local\Android\Sdk\platform-tools;
USERNAME=ali
OS=Windows_NT
PROCESSOR_IDENTIFIER=Intel64 Family 6 Model 142 Stepping 9, GenuineIntel



---------------  S Y S T E M  ---------------

OS:
 Windows 10 , 64 bit Build 19041 (10.0.19041.1889)
OS uptime: 0 days 2:37 hours

CPU: total 4 (initial active 4) (2 cores per cpu, 2 threads per core) family 6 model 142 stepping 9 microcode 0xec, cx8, cmov, fxsr, ht, mmx, 3dnowpref, sse, sse2, sse3, ssse3, sse4.1, sse4.2, popcnt, lzcnt, tsc, tscinvbit, avx, avx2, aes, erms, clmul, bmi1, bmi2, adx, fma, vzeroupper, clflush, clflushopt

Memory: 4k page, system-wide physical 2664M (292M free)
TotalPageFile size 7784M (AvailPageFile size 54M)
current process WorkingSet (physical memory assigned to process): 10M, peak: 10M
current process commit charge ("private bytes"): 51M, peak: 115M

vm_info: Java HotSpot(TM) 64-Bit Server VM (18.0.1.1+2-6) for windows-amd64 JRE (18.0.1.1+2-6), built on Apr 25 2022 21:53:15 by "mach5one" with MS VC++ 16.8 / 16.9 (VS2019)

END.
